2026-06-15 19:35:42.732 INFO  a.d.s.SpringProject14AprelApplication - Starting SpringProject14AprelApplication using Java 21.0.11 with PID 8324 (C:\GitHub\14AprelQrup\codes\spring\spring-project-14Aprel\target\classes started by talla in C:\GitHub\14AprelQrup\codes\spring\spring-project-14Aprel)
2026-06-15 19:35:42.742 INFO  a.d.s.SpringProject14AprelApplication - No active profile set, falling back to 1 default profile: "default"
2026-06-15 19:35:44.625 INFO  o.s.boot.tomcat.TomcatWebServer - Tomcat initialized with port 8008 (http)
2026-06-15 19:35:44.657 INFO  o.a.coyote.http11.Http11NioProtocol - Initializing ProtocolHandler ["http-nio-8008"]
2026-06-15 19:35:44.663 INFO  o.a.catalina.core.StandardService - Starting service [Tomcat]
2026-06-15 19:35:44.663 INFO  o.a.catalina.core.StandardEngine - Starting Servlet engine: [Apache Tomcat/11.0.21]
2026-06-15 19:35:44.779 INFO  o.s.b.w.c.s.WebApplicationContextInitializer - Root WebApplicationContext: initialization completed in 1936 ms
2026-06-15 19:35:45.638 INFO  o.a.coyote.http11.Http11NioProtocol - Starting ProtocolHandler ["http-nio-8008"]
2026-06-15 19:35:45.697 INFO  o.s.boot.tomcat.TomcatWebServer - Tomcat started on port 8008 (http) with context path '/'
2026-06-15 19:35:45.708 INFO  a.d.s.SpringProject14AprelApplication - Started SpringProject14AprelApplication in 4.011 seconds (process running for 5.102)
2026-06-15 19:35:52.030 INFO  o.a.c.c.C.[Tomcat].[localhost].[/] - Initializing Spring DispatcherServlet 'dispatcherServlet'
2026-06-15 19:35:52.038 INFO  o.s.web.servlet.DispatcherServlet - Initializing Servlet 'dispatcherServlet'
2026-06-15 19:35:52.064 INFO  o.s.web.servlet.DispatcherServlet - Completed initialization in 20 ms
2026-06-15 19:35:53.101 INFO  com.zaxxer.hikari.HikariDataSource - HikariPool-1 - Starting...
2026-06-15 19:35:56.292 INFO  com.zaxxer.hikari.pool.HikariPool - HikariPool-1 - Added connection com.mysql.cj.jdbc.ConnectionImpl@64dcf452
2026-06-15 19:35:56.339 INFO  com.zaxxer.hikari.HikariDataSource - HikariPool-1 - Start completed.
2026-06-15 20:50:28.397 INFO  a.d.s.SpringProject14AprelApplication - Starting SpringProject14AprelApplication using Java 21.0.11 with PID 22348 (C:\GitHub\14AprelQrup\codes\spring\spring-project-14Aprel\target\classes started by talla in C:\GitHub\14AprelQrup\codes\spring\spring-project-14Aprel)
2026-06-15 20:50:28.403 INFO  a.d.s.SpringProject14AprelApplication - No active profile set, falling back to 1 default profile: "default"
2026-06-15 20:50:30.593 INFO  o.s.d.r.c.RepositoryConfigurationDelegate - Bootstrapping Spring Data JPA repositories in DEFAULT mode.
2026-06-15 20:50:30.672 INFO  o.s.d.r.c.RepositoryConfigurationDelegate - Finished Spring Data repository scanning in 30 ms. Found 0 JPA repository interfaces.
2026-06-15 20:50:31.561 INFO  o.s.boot.tomcat.TomcatWebServer - Tomcat initialized with port 8008 (http)
2026-06-15 20:50:31.593 INFO  o.a.coyote.http11.Http11NioProtocol - Initializing ProtocolHandler ["http-nio-8008"]
2026-06-15 20:50:31.597 INFO  o.a.catalina.core.StandardService - Starting service [Tomcat]
2026-06-15 20:50:31.598 INFO  o.a.catalina.core.StandardEngine - Starting Servlet engine: [Apache Tomcat/11.0.21]
2026-06-15 20:50:31.737 INFO  o.s.b.w.c.s.WebApplicationContextInitializer - Root WebApplicationContext: initialization completed in 3125 ms
2026-06-15 20:50:32.361 INFO  com.zaxxer.hikari.HikariDataSource - HikariPool-1 - Starting...
2026-06-15 20:50:33.255 INFO  com.zaxxer.hikari.pool.HikariPool - HikariPool-1 - Added connection com.mysql.cj.jdbc.ConnectionImpl@3457cc8d
2026-06-15 20:50:33.259 INFO  com.zaxxer.hikari.HikariDataSource - HikariPool-1 - Start completed.
2026-06-15 20:50:33.327 INFO  org.hibernate.orm.jpa - HHH008540: Processing PersistenceUnitInfo [name: default]
2026-06-15 20:50:33.451 INFO  org.hibernate.orm.core - HHH000001: Hibernate ORM core version 7.2.12.Final
2026-06-15 20:50:34.829 INFO  o.s.o.j.p.SpringPersistenceUnitInfo - No LoadTimeWeaver setup: ignoring JPA class transformer
2026-06-15 20:50:35.143 INFO  o.hibernate.orm.connections.pooling - HHH10001005: Database info:
	Database JDBC URL [jdbc:mysql://localhost:3306/computershopping_db]
	Database driver: MySQL Connector/J
	Database dialect: MySQLDialect
	Database version: 8.0.44
	Default catalog/schema: computershopping_db/undefined
	Autocommit mode: undefined/unknown
	Isolation level: REPEATABLE_READ [default REPEATABLE_READ]
	JDBC fetch size: none
	Pool: DataSourceConnectionProvider
	Minimum pool size: undefined/unknown
	Maximum pool size: undefined/unknown
2026-06-15 20:50:35.779 INFO  org.hibernate.orm.core - HHH000489: No JTA platform available (set 'hibernate.transaction.jta.platform' to enable JTA platform integration)
2026-06-15 20:50:35.796 INFO  o.s.o.j.LocalContainerEntityManagerFactoryBean - Initialized JPA EntityManagerFactory for persistence unit 'default'
2026-06-15 20:50:36.055 WARN  o.s.b.j.a.JpaBaseConfiguration$JpaWebConfiguration - spring.jpa.open-in-view is enabled by default. Therefore, database queries may be performed during view rendering. Explicitly configure spring.jpa.open-in-view to disable this warning
2026-06-15 20:50:36.685 INFO  o.a.coyote.http11.Http11NioProtocol - Starting ProtocolHandler ["http-nio-8008"]
2026-06-15 20:50:36.721 INFO  o.s.boot.tomcat.TomcatWebServer - Tomcat started on port 8008 (http) with context path '/'
2026-06-15 20:50:36.731 INFO  a.d.s.SpringProject14AprelApplication - Started SpringProject14AprelApplication in 10.451 seconds (process running for 13.265)
