2026-06-08 19:25:00.550 INFO  a.d.s.SpringProject14AprelApplication - No active profile set, falling back to 1 default profile: "default"
2026-06-08 19:25:02.535 INFO  o.s.boot.tomcat.TomcatWebServer - Tomcat initialized with port 8016 (http)
2026-06-08 19:25:02.553 INFO  o.a.coyote.http11.Http11NioProtocol - Initializing ProtocolHandler ["http-nio-8016"]
2026-06-08 19:25:02.559 INFO  o.a.catalina.core.StandardService - Starting service [Tomcat]
2026-06-08 19:25:02.559 INFO  o.a.catalina.core.StandardEngine - Starting Servlet engine: [Apache Tomcat/11.0.21]
2026-06-08 19:25:02.645 INFO  o.s.b.w.c.s.WebApplicationContextInitializer - Root WebApplicationContext: initialization completed in 1965 ms
2026-06-08 19:25:03.406 INFO  o.a.coyote.http11.Http11NioProtocol - Starting ProtocolHandler ["http-nio-8016"]
2026-06-08 19:25:03.461 INFO  o.s.boot.tomcat.TomcatWebServer - Tomcat started on port 8016 (http) with context path '/'
2026-06-08 19:25:03.476 INFO  a.d.s.SpringProject14AprelApplication - Started SpringProject14AprelApplication in 4.147 seconds (process running for 4.91)
2026-06-08 19:25:07.891 INFO  o.a.c.c.C.[Tomcat].[localhost].[/] - Initializing Spring DispatcherServlet 'dispatcherServlet'
2026-06-08 19:25:07.893 INFO  o.s.web.servlet.DispatcherServlet - Initializing Servlet 'dispatcherServlet'
2026-06-08 19:25:07.902 INFO  o.s.web.servlet.DispatcherServlet - Completed initialization in 6 ms
2026-06-08 19:25:08.101 INFO  com.zaxxer.hikari.HikariDataSource - HikariPool-1 - Starting...
2026-06-08 19:25:10.160 INFO  com.zaxxer.hikari.pool.HikariPool - HikariPool-1 - Added connection com.mysql.cj.jdbc.ConnectionImpl@74ccff08
2026-06-08 19:25:10.168 INFO  com.zaxxer.hikari.HikariDataSource - HikariPool-1 - Start completed.
2026-06-14 13:09:36.807 INFO  a.d.s.SpringProject14AprelApplication - Starting SpringProject14AprelApplication using Java 21.0.11 with PID 14496 (C:\GitHub\14AprelQrup\codes\spring\spring-project-14Aprel\target\classes started by talla in C:\GitHub\14AprelQrup\codes\spring\spring-project-14Aprel)
2026-06-14 13:09:36.838 INFO  a.d.s.SpringProject14AprelApplication - No active profile set, falling back to 1 default profile: "default"
2026-06-14 13:09:36.872 INFO  a.d.s.SpringProject14AprelApplication - Starting SpringProject14AprelApplication using Java 21.0.11 with PID 8060 (C:\GitHub\14AprelQrup\codes\spring\spring-project-14Aprel\target\classes started by talla in C:\GitHub\14AprelQrup\codes\spring\spring-project-14Aprel)
2026-06-14 13:09:36.893 INFO  a.d.s.SpringProject14AprelApplication - No active profile set, falling back to 1 default profile: "default"
2026-06-14 13:09:39.519 INFO  o.s.boot.tomcat.TomcatWebServer - Tomcat initialized with port 8016 (http)
2026-06-14 13:09:39.519 INFO  o.s.boot.tomcat.TomcatWebServer - Tomcat initialized with port 8016 (http)
2026-06-14 13:09:39.548 INFO  o.a.coyote.http11.Http11NioProtocol - Initializing ProtocolHandler ["http-nio-8016"]
2026-06-14 13:09:39.549 INFO  o.a.coyote.http11.Http11NioProtocol - Initializing ProtocolHandler ["http-nio-8016"]
2026-06-14 13:09:39.556 INFO  o.a.catalina.core.StandardService - Starting service [Tomcat]
2026-06-14 13:09:39.556 INFO  o.a.catalina.core.StandardService - Starting service [Tomcat]
2026-06-14 13:09:39.556 INFO  o.a.catalina.core.StandardEngine - Starting Servlet engine: [Apache Tomcat/11.0.21]
2026-06-14 13:09:39.556 INFO  o.a.catalina.core.StandardEngine - Starting Servlet engine: [Apache Tomcat/11.0.21]
2026-06-14 13:09:39.869 INFO  o.s.b.w.c.s.WebApplicationContextInitializer - Root WebApplicationContext: initialization completed in 2843 ms
2026-06-14 13:09:39.872 INFO  o.s.b.w.c.s.WebApplicationContextInitializer - Root WebApplicationContext: initialization completed in 2861 ms
2026-06-14 13:09:40.991 INFO  o.a.coyote.http11.Http11NioProtocol - Starting ProtocolHandler ["http-nio-8016"]
2026-06-14 13:09:40.995 INFO  o.a.coyote.http11.Http11NioProtocol - Starting ProtocolHandler ["http-nio-8016"]
2026-06-14 13:09:41.024 WARN  o.s.b.w.s.s.c.AnnotationConfigServletWebServerApplicationContext - Exception encountered during context initialization - cancelling refresh attempt: org.springframework.context.ApplicationContextException: Failed to start bean 'webServerStartStop'
2026-06-14 13:09:41.058 INFO  o.s.b.a.l.ConditionEvaluationReportLogger - 

Error starting ApplicationContext. To display the condition evaluation report re-run your application with 'debug' enabled.
2026-06-14 13:09:41.068 INFO  o.s.boot.tomcat.TomcatWebServer - Tomcat started on port 8016 (http) with context path '/'
2026-06-14 13:09:41.081 INFO  a.d.s.SpringProject14AprelApplication - Started SpringProject14AprelApplication in 5.864 seconds (process running for 6.843)
2026-06-14 13:09:41.095 ERROR o.s.b.d.LoggingFailureAnalysisReporter - 

***************************
APPLICATION FAILED TO START
***************************

Description:

Web server failed to start. Port 8016 was already in use.

Action:

Identify and stop the process that's listening on port 8016 or configure this application to listen on another port.

2026-06-14 13:10:38.813 INFO  a.d.s.SpringProject14AprelApplication - Starting SpringProject14AprelApplication using Java 21.0.11 with PID 11240 (C:\GitHub\14AprelQrup\codes\spring\spring-project-14Aprel\target\classes started by talla in C:\GitHub\14AprelQrup\codes\spring\spring-project-14Aprel)
2026-06-14 13:10:38.818 INFO  a.d.s.SpringProject14AprelApplication - No active profile set, falling back to 1 default profile: "default"
2026-06-14 13:10:40.536 INFO  o.s.boot.tomcat.TomcatWebServer - Tomcat initialized with port 8026 (http)
2026-06-14 13:10:40.551 INFO  o.a.coyote.http11.Http11NioProtocol - Initializing ProtocolHandler ["http-nio-8026"]
2026-06-14 13:10:40.554 INFO  o.a.catalina.core.StandardService - Starting service [Tomcat]
2026-06-14 13:10:40.554 INFO  o.a.catalina.core.StandardEngine - Starting Servlet engine: [Apache Tomcat/11.0.21]
2026-06-14 13:10:40.616 INFO  o.s.b.w.c.s.WebApplicationContextInitializer - Root WebApplicationContext: initialization completed in 1683 ms
2026-06-14 13:10:41.328 INFO  o.a.coyote.http11.Http11NioProtocol - Starting ProtocolHandler ["http-nio-8026"]
2026-06-14 13:10:41.374 INFO  o.s.boot.tomcat.TomcatWebServer - Tomcat started on port 8026 (http) with context path '/'
2026-06-14 13:10:41.384 INFO  a.d.s.SpringProject14AprelApplication - Started SpringProject14AprelApplication in 3.441 seconds (process running for 4.099)
2026-06-14 13:25:22.412 INFO  o.a.c.c.C.[Tomcat].[localhost].[/] - Initializing Spring DispatcherServlet 'dispatcherServlet'
2026-06-14 13:25:22.430 INFO  o.s.web.servlet.DispatcherServlet - Initializing Servlet 'dispatcherServlet'
2026-06-14 13:25:22.585 INFO  o.s.web.servlet.DispatcherServlet - Completed initialization in 152 ms
2026-06-14 15:04:56.026 INFO  a.d.s.SpringProject14AprelApplication - Starting SpringProject14AprelApplication using Java 21.0.11 with PID 5352 (C:\GitHub\14AprelQrup\codes\spring\spring-project-14Aprel\target\classes started by talla in C:\GitHub\14AprelQrup\codes\spring\spring-project-14Aprel)
2026-06-14 15:04:56.033 INFO  a.d.s.SpringProject14AprelApplication - No active profile set, falling back to 1 default profile: "default"
2026-06-14 15:04:59.127 INFO  o.s.boot.tomcat.TomcatWebServer - Tomcat initialized with port 8026 (http)
2026-06-14 15:04:59.173 INFO  o.a.coyote.http11.Http11NioProtocol - Initializing ProtocolHandler ["http-nio-8026"]
2026-06-14 15:04:59.190 INFO  o.a.catalina.core.StandardService - Starting service [Tomcat]
2026-06-14 15:04:59.191 INFO  o.a.catalina.core.StandardEngine - Starting Servlet engine: [Apache Tomcat/11.0.21]
2026-06-14 15:04:59.328 INFO  o.s.b.w.c.s.WebApplicationContextInitializer - Root WebApplicationContext: initialization completed in 3161 ms
2026-06-14 15:05:00.884 INFO  o.a.coyote.http11.Http11NioProtocol - Starting ProtocolHandler ["http-nio-8026"]
2026-06-14 15:05:00.940 WARN  o.s.b.w.s.s.c.AnnotationConfigServletWebServerApplicationContext - Exception encountered during context initialization - cancelling refresh attempt: org.springframework.context.ApplicationContextException: Failed to start bean 'webServerStartStop'
2026-06-14 15:05:00.995 INFO  o.s.b.a.l.ConditionEvaluationReportLogger - 

Error starting ApplicationContext. To display the condition evaluation report re-run your application with 'debug' enabled.
2026-06-14 15:05:01.026 ERROR o.s.b.d.LoggingFailureAnalysisReporter - 

***************************
APPLICATION FAILED TO START
***************************

Description:

Web server failed to start. Port 8026 was already in use.

Action:

Identify and stop the process that's listening on port 8026 or configure this application to listen on another port.

2026-06-14 15:05:14.192 INFO  a.d.s.SpringProject14AprelApplication - Starting SpringProject14AprelApplication using Java 21.0.11 with PID 5228 (C:\GitHub\14AprelQrup\codes\spring\spring-project-14Aprel\target\classes started by talla in C:\GitHub\14AprelQrup\codes\spring\spring-project-14Aprel)
2026-06-14 15:05:14.208 INFO  a.d.s.SpringProject14AprelApplication - No active profile set, falling back to 1 default profile: "default"
2026-06-14 15:05:19.238 INFO  o.s.boot.tomcat.TomcatWebServer - Tomcat initialized with port 8008 (http)
2026-06-14 15:05:19.284 INFO  o.a.coyote.http11.Http11NioProtocol - Initializing ProtocolHandler ["http-nio-8008"]
2026-06-14 15:05:19.291 INFO  o.a.catalina.core.StandardService - Starting service [Tomcat]
2026-06-14 15:05:19.292 INFO  o.a.catalina.core.StandardEngine - Starting Servlet engine: [Apache Tomcat/11.0.21]
2026-06-14 15:05:19.489 INFO  o.s.b.w.c.s.WebApplicationContextInitializer - Root WebApplicationContext: initialization completed in 4783 ms
2026-06-14 15:05:21.348 INFO  o.a.coyote.http11.Http11NioProtocol - Starting ProtocolHandler ["http-nio-8008"]
2026-06-14 15:05:21.537 INFO  o.s.boot.tomcat.TomcatWebServer - Tomcat started on port 8008 (http) with context path '/'
2026-06-14 15:05:21.596 INFO  a.d.s.SpringProject14AprelApplication - Started SpringProject14AprelApplication in 9.566 seconds (process running for 10.827)
2026-06-14 15:08:23.841 INFO  a.d.s.SpringProject14AprelApplication - Starting SpringProject14AprelApplication using Java 21.0.11 with PID 18532 (C:\GitHub\14AprelQrup\codes\spring\spring-project-14Aprel\target\classes started by talla in C:\GitHub\14AprelQrup\codes\spring\spring-project-14Aprel)
2026-06-14 15:08:23.862 INFO  a.d.s.SpringProject14AprelApplication - No active profile set, falling back to 1 default profile: "default"
2026-06-14 15:08:26.743 INFO  o.s.boot.tomcat.TomcatWebServer - Tomcat initialized with port 8008 (http)
2026-06-14 15:08:26.796 INFO  o.a.coyote.http11.Http11NioProtocol - Initializing ProtocolHandler ["http-nio-8008"]
2026-06-14 15:08:26.799 INFO  o.a.catalina.core.StandardService - Starting service [Tomcat]
2026-06-14 15:08:26.799 INFO  o.a.catalina.core.StandardEngine - Starting Servlet engine: [Apache Tomcat/11.0.21]
2026-06-14 15:08:27.050 INFO  o.s.b.w.c.s.WebApplicationContextInitializer - Root WebApplicationContext: initialization completed in 3059 ms
2026-06-14 15:08:28.650 INFO  o.a.coyote.http11.Http11NioProtocol - Starting ProtocolHandler ["http-nio-8008"]
2026-06-14 15:08:28.738 INFO  o.s.boot.tomcat.TomcatWebServer - Tomcat started on port 8008 (http) with context path '/'
2026-06-14 15:08:28.761 INFO  a.d.s.SpringProject14AprelApplication - Started SpringProject14AprelApplication in 7.093 seconds (process running for 8.112)
2026-06-14 15:10:04.022 INFO  o.a.c.c.C.[Tomcat].[localhost].[/] - Initializing Spring DispatcherServlet 'dispatcherServlet'
2026-06-14 15:10:04.023 INFO  o.s.web.servlet.DispatcherServlet - Initializing Servlet 'dispatcherServlet'
2026-06-14 15:10:04.034 INFO  o.s.web.servlet.DispatcherServlet - Completed initialization in 9 ms
2026-06-14 15:12:38.927 INFO  com.zaxxer.hikari.HikariDataSource - HikariPool-1 - Starting...
2026-06-14 15:12:42.605 INFO  com.zaxxer.hikari.pool.HikariPool - HikariPool-1 - Added connection com.mysql.cj.jdbc.ConnectionImpl@50ffbf35
2026-06-14 15:12:42.629 INFO  com.zaxxer.hikari.HikariDataSource - HikariPool-1 - Start completed.
